<?xml version="1.0" encoding="UTF-8"?>
<!-- Generated by org.testng.reporters.JUnitReportReporter -->
<testsuite hostname="DESKTOP-UBHH3JU" failures="0" tests="1" name="com.ecommerce.addtocart.AddingProductToTheCartTest" time="24.342" errors="0" timestamp="2022-12-07T16:28:02 IST" skipped="0">
  <testcase classname="com.ecommerce.addtocart.AddingProductToTheCartTest" name="test" time="24.342"/>
  <system-out/>
</testsuite> <!-- com.ecommerce.addtocart.AddingProductToTheCartTest -->
