<?xml version="1.0" encoding="UTF-8"?>
<!-- Generated by org.testng.reporters.JUnitReportReporter -->
<testsuite hostname="DESKTOP-UBHH3JU" failures="0" tests="1" name="com.ecommerce.adminlogin.EditMerchantDetailsTest" time="5.196" errors="0" timestamp="2022-12-16T13:19:54 IST" skipped="0">
  <testcase classname="com.ecommerce.adminlogin.EditMerchantDetailsTest" name="editmercnt" time="5.196"/>
  <system-out/>
</testsuite> <!-- com.ecommerce.adminlogin.EditMerchantDetailsTest -->
